"C:/UnrealProjects/UE4-InventorySystem/RInventory.uproject" 1
"../../../Engine/Plugins/2D/Paper2D/Paper2D.uplugin" 2
"../../../Engine/Plugins/Developer/BlankPlugin/BlankPlugin.uplugin" 3
"../../../Engine/Plugins/Developer/PerforceSourceControl/PerforceSourceControl.uplugin" 4
"../../../Engine/Plugins/Developer/SubversionSourceControl/SubversionSourceControl.uplugin" 5
"../../../Engine/Plugins/Developer/UObjectPlugin/UObjectPlugin.uplugin" 6
"../../../Engine/Plugins/Developer/VisualStudioSourceCodeAccess/VisualStudioSourceCodeAccess.uplugin" 7
"../../../Engine/Plugins/Developer/XCodeSourceCodeAccess/XCodeSourceCodeAccess.uplugin" 8
"../../../Engine/Plugins/Editor/EpicSurvey/EpicSurvey.uplugin" 9
"../../../Engine/Plugins/Editor/MacGraphicsSwitching/MacGraphicsSwitching.uplugin" 10
"../../../Engine/Plugins/Editor/PluginsEditor/PluginsEditor.uplugin" 11
"../../../Engine/Plugins/Editor/SpeedTreeImporter/SpeedTreeImporter.uplugin" 12
"../../../Engine/Plugins/Experimental/BlueprintStats/BlueprintStats.uplugin" 13
"../../../Engine/Plugins/Experimental/CharacterAI/CharacterAI.uplugin" 14
"../../../Engine/Plugins/Experimental/CodeView/CodeView.uplugin" 15
"../../../Engine/Plugins/Experimental/LiveEditor/LiveEditor.uplugin" 16
"../../../Engine/Plugins/Experimental/Phya/Phya.uplugin" 17
"../../../Engine/Plugins/Experimental/SteamVR/SteamVR.uplugin" 18
"../../../Engine/Plugins/Media/AvfMedia/AvfMedia.uplugin" 19
"../../../Engine/Plugins/Media/MediaPlayerEditor/MediaPlayerEditor.uplugin" 20
"../../../Engine/Plugins/Media/WmfMedia/WmfMedia.uplugin" 21
"../../../Engine/Plugins/Messaging/MessagingDebugger/MessagingDebugger.uplugin" 22
"../../../Engine/Plugins/Messaging/ShmMessaging/ShmMessaging.uplugin" 23
"../../../Engine/Plugins/Messaging/UdpMessaging/UdpMessaging.uplugin" 24
"../../../Engine/Plugins/Runtime/Advertising/IOSTapJoy/IOSTapJoy.uplugin" 25
"../../../Engine/Plugins/Runtime/Analytics/AnalyticsBlueprintLibrary/AnalyticsBlueprintLibrary.uplugin" 26
"../../../Engine/Plugins/Runtime/Analytics/Apsalar/IOSApsalar/IOSApsalar.uplugin" 27
"../../../Engine/Plugins/Runtime/Analytics/FileLogging/FileLogging.uplugin" 28
"../../../Engine/Plugins/Runtime/AndroidDeviceProfileSelector/AndroidDeviceProfileSelector.uplugin" 29
"../../../Engine/Plugins/Runtime/AppleMoviePlayer/AppleMoviePlayer.uplugin" 30
"../../../Engine/Plugins/Runtime/CableComponent/CableComponent.uplugin" 31
"../../../Engine/Plugins/Runtime/CustomMeshComponent/CustomMeshComponent.uplugin" 32
"../../../Engine/Plugins/Runtime/ExampleDeviceProfileSelector/ExampleDeviceProfileSelector.uplugin" 33
"../../../Engine/Plugins/Runtime/IOSDeviceProfileSelector/IOSDeviceProfileSelector.uplugin" 34
"../../../Engine/Plugins/Runtime/LiveEditorListenServer/LiveEditorListenServer.uplugin" 35
"../../../Engine/Plugins/Runtime/OculusRift/OculusRift.uplugin" 36
"../../../Engine/Plugins/Runtime/SoundMod/SoundMod.uplugin" 37
"../../../Engine/Plugins/Runtime/SoundVisualizations/SoundVisualizations.uplugin" 38
"../../../Engine/Plugins/Runtime/TwitchLiveStreaming/TwitchLiveStreaming.uplugin" 39
"../../../Engine/Plugins/Runtime/WindowsDeviceProfileSelector/WindowsDeviceProfileSelector.uplugin" 40
"../../../Engine/Plugins/Runtime/WindowsMoviePlayer/WindowsMoviePlayer.uplugin" 41
"../../../Engine/Plugins/ScriptGeneratorPlugin/ScriptGeneratorPlugin.uplugin" 42
"../../../Engine/Plugins/ScriptPlugin/ScriptPlugin.uplugin" 43
"../../../Engine/Plugins/Slate/SlateRemote/SlateRemote.uplugin" 44
"..\..\..\Engine\Content\Internationalization\icudt53l\cnvalias.icu" 45
"..\..\..\Engine\Content\Internationalization\icudt53l\en_US_POSIX.res" 46
"..\..\..\Engine\Content\Internationalization\icudt53l\pool.res" 47
"..\..\..\Engine\Content\Internationalization\icudt53l\en_US.res" 48
"..\..\..\Engine\Content\Internationalization\icudt53l\en.res" 49
"..\..\..\Engine\Content\Internationalization\icudt53l\root.res" 50
"..\..\..\Engine\Content\Internationalization\icudt53l\coll\ucadata.icu" 51
"..\..\..\Engine\Content\Internationalization\icudt53l\nfc.nrm" 52
"..\..\..\Engine\Content\Internationalization\icudt53l\coll\en_US_POSIX.res" 53
"..\..\..\Engine\Content\Internationalization\icudt53l\coll\en_US.res" 54
"..\..\..\Engine\Content\Internationalization\icudt53l\coll\en.res" 55
"..\..\..\Engine\Content\Internationalization\icudt53l\coll\root.res" 56
"..\..\..\Engine\Content\Internationalization\icudt53l\numberingSystems.res" 57
"..\..\..\Engine\Content\Internationalization\icudt53l\curr\supplementalData.res" 58
"..\..\..\Engine\Content\Internationalization\icudt53l\curr\pool.res" 59
"..\..\..\Engine\Content\Internationalization\icudt53l\curr\en.res" 60
"..\..\..\Engine\Content\Internationalization\icudt53l\curr\root.res" 61
"..\..\..\Engine\Content\Internationalization\icudt53l\plurals.res" 62
"..\..\..\Engine\Content\Internationalization\icudt53l\windowsZones.res" 63
"..\..\..\Engine\Content\Internationalization\icudt53l\zoneinfo64.res" 64
"..\..\..\Engine\Content\Internationalization\icudt53l\keyTypeData.res" 65
"..\..\..\Engine\Content\Internationalization\icudt53l\timezoneTypes.res" 66
"..\..\..\Engine\Content\Internationalization\icudt53l\supplementalData.res" 67
"..\..\..\Engine\Content\Internationalization\icudt53l\likelySubtags.res" 68
"../../../Engine/Config/Base.ini" 69
"../../../Engine/Config/BaseEngine.ini" 70
"../../../../UnrealProjects/UE4-InventorySystem/Config/DefaultEngine.ini" 71
"../../../Engine/Config/Windows/WindowsEngine.ini" 72
"C:/UnrealProjects/UE4-InventorySystem/Saved/Config/Windows/Engine.ini" 73
"../../../../UnrealProjects/UE4-InventorySystem/Saved/Config/CleanSourceConfigs/Engine.ini" 74
"../../../Engine/Config/BaseGame.ini" 75
"../../../../UnrealProjects/UE4-InventorySystem/Config/DefaultGame.ini" 76
"C:/UnrealProjects/UE4-InventorySystem/Saved/Config/Windows/Game.ini" 77
"../../../../UnrealProjects/UE4-InventorySystem/Saved/Config/CleanSourceConfigs/Game.ini" 78
"../../../Engine/Config/BaseInput.ini" 79
"../../../../UnrealProjects/UE4-InventorySystem/Config/DefaultInput.ini" 80
"C:/UnrealProjects/UE4-InventorySystem/Saved/Config/Windows/Input.ini" 81
"../../../../UnrealProjects/UE4-InventorySystem/Saved/Config/CleanSourceConfigs/Input.ini" 82
"../../../Engine/Config/BaseEditor.ini" 83
"../../../../UnrealProjects/UE4-InventorySystem/Config/DefaultEditor.ini" 84
"C:/UnrealProjects/UE4-InventorySystem/Saved/Config/Windows/Editor.ini" 85
"../../../../UnrealProjects/UE4-InventorySystem/Saved/Config/CleanSourceConfigs/Editor.ini" 86
"../../../Engine/Config/BaseEditorLayout.ini" 87
"C:/UnrealProjects/UE4-InventorySystem/Saved/Config/Windows/EditorLayout.ini" 88
"../../../../UnrealProjects/UE4-InventorySystem/Saved/Config/CleanSourceConfigs/EditorLayout.ini" 89
"../../../Engine/Config/BaseEditorUserSettings.ini" 90
"C:/UnrealProjects/UE4-InventorySystem/Saved/Config/Windows/EditorUserSettings.ini" 91
"../../../../UnrealProjects/UE4-InventorySystem/Saved/Config/CleanSourceConfigs/EditorUserSettings.ini" 92
"../../../Engine/Config/BaseEditorKeyBindings.ini" 93
"C:/UnrealProjects/UE4-InventorySystem/Saved/Config/Windows/EditorKeyBindings.ini" 94
"../../../../UnrealProjects/UE4-InventorySystem/Saved/Config/CleanSourceConfigs/EditorKeyBindings.ini" 95
"../../../Engine/Config/BaseCompat.ini" 96
"C:/UnrealProjects/UE4-InventorySystem/Saved/Config/Windows/Compat.ini" 97
"../../../../UnrealProjects/UE4-InventorySystem/Saved/Config/CleanSourceConfigs/Compat.ini" 98
"../../../Engine/Config/BaseLightmass.ini" 99
"C:/UnrealProjects/UE4-InventorySystem/Saved/Config/Windows/Lightmass.ini" 100
"../../../../UnrealProjects/UE4-InventorySystem/Saved/Config/CleanSourceConfigs/Lightmass.ini" 101
"../../../Engine/Config/BaseScalability.ini" 102
"C:/UnrealProjects/UE4-InventorySystem/Saved/Config/Windows/Scalability.ini" 103
"../../../../UnrealProjects/UE4-InventorySystem/Saved/Config/CleanSourceConfigs/Scalability.ini" 104
"C:/UnrealProjects/UE4-InventorySystem/Saved/Config/Windows/GameUserSettings.ini" 105
"../../../../UnrealProjects/UE4-InventorySystem/Saved/Config/CleanSourceConfigs/GameUserSettings.ini" 106
"../../../Engine/Config/BaseDeviceProfiles.ini" 107
"C:/UnrealProjects/UE4-InventorySystem/Saved/Config/Windows/DeviceProfiles.ini" 108
"../../../../UnrealProjects/UE4-InventorySystem/Saved/Config/CleanSourceConfigs/DeviceProfiles.ini" 109
"../../../Engine/Config/ConsoleVariables.ini" 110
"..\..\..\Engine\Content\Internationalization\icudt53l\es.res" 111
"..\..\..\Engine\Content\Internationalization\icudt53l\coll\es.res" 112
"..\..\..\Engine\Content\Internationalization\icudt53l\curr\es.res" 113
"..\..\..\Engine\Content\Internationalization\icudt53l\es_ES.res" 114
"..\..\..\Engine\Content\Internationalization\icudt53l\ja.res" 115
"..\..\..\Engine\Content\Internationalization\icudt53l\coll\ja.res" 116
"..\..\..\Engine\Content\Internationalization\icudt53l\curr\ja.res" 117
"..\..\..\Engine\Content\Internationalization\icudt53l\ja_JP.res" 118
"..\..\..\Engine\Content\Internationalization\icudt53l\ko.res" 119
"..\..\..\Engine\Content\Internationalization\icudt53l\coll\ko.res" 120
"..\..\..\Engine\Content\Internationalization\icudt53l\curr\ko.res" 121
"..\..\..\Engine\Content\Internationalization\icudt53l\ko_KR.res" 122
"..\..\..\Engine\Content\Internationalization\icudt53l\pt_BR.res" 123
"..\..\..\Engine\Content\Internationalization\icudt53l\pt.res" 124
"..\..\..\Engine\Content\Internationalization\icudt53l\coll\pt.res" 125
"..\..\..\Engine\Content\Internationalization\icudt53l\curr\pt.res" 126
"..\..\..\Engine\Content\Internationalization\icudt53l\zh_CN.res" 127
"..\..\..\Engine\Content\Internationalization\icudt53l\zh_Hans_CN.res" 128
"..\..\..\Engine\Content\Internationalization\icudt53l\zh_Hans.res" 129
"..\..\..\Engine\Content\Internationalization\icudt53l\zh.res" 130
"..\..\..\Engine\Content\Internationalization\icudt53l\coll\zh_CN.res" 131
"..\..\..\Engine\Content\Internationalization\icudt53l\coll\zh_Hans_CN.res" 132
"..\..\..\Engine\Content\Internationalization\icudt53l\coll\zh_Hans.res" 133
"..\..\..\Engine\Content\Internationalization\icudt53l\coll\zh.res" 134
"..\..\..\Engine\Content\Internationalization\icudt53l\curr\zh_CN.res" 135
"..\..\..\Engine\Content\Internationalization\icudt53l\curr\zh_Hans_CN.res" 136
"..\..\..\Engine\Content\Internationalization\icudt53l\curr\zh_Hans.res" 137
"..\..\..\Engine\Content\Internationalization\icudt53l\curr\zh.res" 138
"C:/UnrealEngine/Engine/Content/Localization/Editor/en/Editor.locres" 139
"C:/UnrealEngine/Engine/Content/Localization/EditorTutorials/en/EditorTutorials.locres" 140
"C:/UnrealEngine/Engine/Content/Localization/Engine/en/Engine.locres" 141
"../../../Engine/Content/Slate/Fonts/Roboto-Regular.ttf" 142
"../../../Engine/Content/Slate/Fonts/Roboto-Bold.ttf" 143
"../../../Engine/Content/Slate/Fonts/Roboto-Light.ttf" 144
"../../../Engine/Content/Slate/Fonts/DroidSansMono.ttf" 145
"C:/UnrealEngine/Engine/Binaries/Win64/../../../Engine/Shaders/ParticleSpriteVertexFactory.usf" 146
"C:/UnrealEngine/Engine/Binaries/Win64/../../../Engine/Shaders/VertexFactoryCommon.usf" 147
"C:/UnrealEngine/Engine/Binaries/Win64/../../../Engine/Shaders/Common.usf" 148
"C:/UnrealEngine/Engine/Binaries/Win64/../../../Engine/Shaders/ShaderVersion.usf" 149
"C:/UnrealEngine/Engine/Binaries/Win64/../../../Engine/Shaders/Definitions.usf" 150
"C:/UnrealEngine/Engine/Binaries/Win64/../../../Engine/Shaders/Random.usf" 151
"C:/UnrealEngine/Engine/Binaries/Win64/../../../Engine/Shaders/ParticleVertexFactoryCommon.usf" 152
"C:/UnrealEngine/Engine/Binaries/Win64/../../../Engine/Shaders/ParticleGPUSpriteVertexFactory.usf" 153
"C:/UnrealEngine/Engine/Binaries/Win64/../../../Engine/Shaders/ParticleBeamTrailVertexFactory.usf" 154
"C:/UnrealEngine/Engine/Binaries/Win64/../../../Engine/Shaders/VectorFieldVisualizationVertexFactory.usf" 155
"C:/UnrealEngine/Engine/Binaries/Win64/../../../Engine/Shaders/LocalVertexFactory.usf" 156
"C:/UnrealEngine/Engine/Binaries/Win64/../../../Engine/Shaders/LocalVertexFactoryCommon.usf" 157
"C:/UnrealEngine/Engine/Binaries/Win64/../../../Engine/Shaders/MeshParticleVertexFactory.usf" 158
"C:/UnrealEngine/Engine/Binaries/Win64/../../../Engine/Shaders/GpuSkinVertexFactory.usf" 159
"C:/UnrealEngine/Engine/Binaries/Win64/../../../Engine/Shaders/GpuSkinCacheCommon.usf" 160
"C:/UnrealEngine/Engine/Binaries/Win64/../../../Engine/Shaders/LandscapeVertexFactory.usf" 161
"C:/UnrealEngine/Engine/Binaries/Win64/../../../Engine/Shaders/SlateElementPixelShader.usf" 162
"C:/UnrealEngine/Engine/Binaries/Win64/../../../Engine/Shaders/MaterialTemplate.usf" 163
"C:/UnrealEngine/Engine/Binaries/Win64/../../../Engine/Shaders/DepthOfFieldCommon.usf" 164
"C:/UnrealEngine/Engine/Binaries/Win64/../../../Engine/Shaders/SpeedTreeCommon.usf" 165
"C:/UnrealEngine/Engine/Binaries/Win64/../../../Engine/Shaders/AtmosphereCommon.usf" 166
"C:/UnrealEngine/Engine/Binaries/Win64/../../../Engine/Shaders/PostProcessCommon.usf" 167
"C:/UnrealEngine/Engine/Binaries/Win64/../../../Engine/Shaders/DeferredShadingCommon.usf" 168
"C:/UnrealEngine/Engine/Binaries/Win64/../../../Engine/Shaders/LightAccumulator.usf" 169
"C:/UnrealEngine/Engine/Binaries/Win64/../../../Engine/Shaders/SlateVertexShader.usf" 170
"C:/UnrealEngine/Engine/Binaries/Win64/../../../Engine/Shaders/OneColorShader.usf" 171
"C:/UnrealEngine/Engine/Binaries/Win64/../../../Engine/Shaders/ResolveVertexShader.usf" 172
"C:/UnrealEngine/Engine/Binaries/Win64/../../../Engine/Shaders/ResolvePixelShader.usf" 173
"C:/UnrealEngine/Engine/Binaries/Win64/../../../Engine/Shaders/VisualizeTexture.usf" 174
"C:/UnrealEngine/Engine/Binaries/Win64/../../../Engine/Shaders/ScreenSpaceReflections.usf" 175
"C:/UnrealEngine/Engine/Binaries/Win64/../../../Engine/Shaders/BRDF.usf" 176
"C:/UnrealEngine/Engine/Binaries/Win64/../../../Engine/Shaders/MonteCarlo.usf" 177
"C:/UnrealEngine/Engine/Binaries/Win64/../../../Engine/Shaders/FilterVertexShader.usf" 178
"C:/UnrealEngine/Engine/Binaries/Win64/../../../Engine/Shaders/FilterPixelShader.usf" 179
"C:/UnrealEngine/Engine/Binaries/Win64/../../../Engine/Shaders/PostProcessVisualizeHDR.usf" 180
"C:/UnrealEngine/Engine/Binaries/Win64/../../../Engine/Shaders/PostProcessHistogramCommon.usf" 181
"C:/UnrealEngine/Engine/Binaries/Win64/../../../Engine/Shaders/TonemapCommon.usf" 182
"C:/UnrealEngine/Engine/Binaries/Win64/../../../Engine/Shaders/MiniFontCommon.usf" 183
"C:/UnrealEngine/Engine/Binaries/Win64/../../../Engine/Shaders/PostProcessVisualizeBuffer.usf" 184
"C:/UnrealEngine/Engine/Binaries/Win64/../../../Engine/Shaders/PostProcessUpscale.usf" 185
"C:/UnrealEngine/Engine/Binaries/Win64/../../../Engine/Shaders/PostProcessTonemap.usf" 186
"C:/UnrealEngine/Engine/Binaries/Win64/../../../Engine/Shaders/PostProcessTestImage.usf" 187
"C:/UnrealEngine/Engine/Binaries/Win64/../../../Engine/Shaders/PostProcessTemporalAA.usf" 188
"C:/UnrealEngine/Engine/Binaries/Win64/../../../Engine/Shaders/PostProcessTemporalCommon.usf" 189
"C:/UnrealEngine/Engine/Binaries/Win64/../../../Engine/Shaders/PostProcessSubsurface.usf" 190
"C:/UnrealEngine/Engine/Binaries/Win64/../../../Engine/Shaders/SeparableSSS.usf" 191
"C:/UnrealEngine/Engine/Binaries/Win64/../../../Engine/Shaders/PostProcessSelectionOutline.usf" 192
"C:/UnrealEngine/Engine/Binaries/Win64/../../../Engine/Shaders/PostProcessSceneColorFringe.usf" 193
"C:/UnrealEngine/Engine/Binaries/Win64/../../../Engine/Shaders/PostProcessNoiseBlur.usf" 194
"C:/UnrealEngine/Engine/Binaries/Win64/../../../Engine/Shaders/PostProcessMotionBlur.usf" 195
"C:/UnrealEngine/Engine/Binaries/Win64/../../../Engine/Shaders/PostProcessMobile.usf" 196
"C:/UnrealEngine/Engine/Binaries/Win64/../../../Engine/Shaders/PostProcessMaterialShaders.usf" 197
"C:/UnrealEngine/Engine/Binaries/Win64/../../../Engine/Shaders/PostProcessLensFlares.usf" 198
"C:/UnrealEngine/Engine/Binaries/Win64/../../../Engine/Shaders/PostProcessLensBlur.usf" 199
"C:/UnrealEngine/Engine/Binaries/Win64/../../../Engine/Shaders/PostProcessBloom.usf" 200
"C:/UnrealEngine/Engine/Binaries/Win64/../../../Engine/Shaders/PostProcessHMD.usf" 201
"C:/UnrealEngine/Engine/Binaries/Win64/../../../Engine/Shaders/PostProcessHistogramReduce.usf" 202
"C:/UnrealEngine/Engine/Binaries/Win64/../../../Engine/Shaders/PostProcessHistogram.usf" 203
"C:/UnrealEngine/Engine/Binaries/Win64/../../../Engine/Shaders/PostProcessGBufferHints.usf" 204
"C:/UnrealEngine/Engine/Binaries/Win64/../../../Engine/Shaders/PostProcessEyeAdaptation.usf" 205
"C:/UnrealEngine/Engine/Binaries/Win64/../../../Engine/Shaders/PostProcessDownsample.usf" 206
"C:/UnrealEngine/Engine/Binaries/Win64/../../../Engine/Shaders/PostProcessDOF.usf" 207
"C:/UnrealEngine/Engine/Binaries/Win64/../../../Engine/Shaders/PostProcessCompositeEditorPrimitives.usf" 208
"C:/UnrealEngine/Engine/Binaries/Win64/../../../Engine/Shaders/PostProcessCombineLUTs.usf" 209
"C:/UnrealEngine/Engine/Binaries/Win64/../../../Engine/Shaders/PostProcessBusyWait.usf" 210
"C:/UnrealEngine/Engine/Binaries/Win64/../../../Engine/Shaders/PostProcessBokehDOF.usf" 211
"C:/UnrealEngine/Engine/Binaries/Win64/../../../Engine/Shaders/FXAAShader.usf" 212
"C:/UnrealEngine/Engine/Binaries/Win64/../../../Engine/Shaders/Fxaa3_11.usf" 213
"C:/UnrealEngine/Engine/Binaries/Win64/../../../Engine/Shaders/PostProcessPassThrough.usf" 214
"C:/UnrealEngine/Engine/Binaries/Win64/../../../Engine/Shaders/PostProcessLpvIndirect.usf" 215
"C:/UnrealEngine/Engine/Binaries/Win64/../../../Engine/Shaders/DeferredLightingCommon.usf" 216
"C:/UnrealEngine/Engine/Binaries/Win64/../../../Engine/Shaders/DynamicLightingCommon.usf" 217
"C:/UnrealEngine/Engine/Binaries/Win64/../../../Engine/Shaders/IESLightProfilesCommon.usf" 218
"C:/UnrealEngine/Engine/Binaries/Win64/../../../Engine/Shaders/LPVFinalPass.usf" 219
"C:/UnrealEngine/Engine/Binaries/Win64/../../../Engine/Shaders/LPVCommon.usf" 220
"C:/UnrealEngine/Engine/Binaries/Win64/../../../Engine/Shaders/DeferredDecal.usf" 221
"C:/UnrealEngine/Engine/Binaries/Win64/../../../Engine/Shaders/PostProcessAmbientOcclusion.usf" 222
"C:/UnrealEngine/Engine/Binaries/Win64/../../../Engine/Shaders/PostProcessAmbient.usf" 223
"C:/UnrealEngine/Engine/Binaries/Win64/../../../Engine/Shaders/CubemapCommon.usf" 224
"C:/UnrealEngine/Engine/Binaries/Win64/../../../Engine/Shaders/VelocityShader.usf" 225
"C:/UnrealEngine/Engine/Binaries/Win64/../../../Engine/Shaders/Tessellation.usf" 226
"C:/UnrealEngine/Engine/Binaries/Win64/../../../Engine/Shaders/FlatTessellation.usf" 227
"C:/UnrealEngine/Engine/Binaries/Win64/../../../Engine/Shaders/PNTriangles.usf" 228
"C:/UnrealEngine/Engine/Binaries/Win64/../../../Engine/Shaders/TranslucentLightingShaders.usf" 229
"C:/UnrealEngine/Engine/Binaries/Win64/../../../Engine/Shaders/SHCommon.usf" 230
"C:/UnrealEngine/Engine/Binaries/Win64/../../../Engine/Shaders/ShadowProjectionCommon.usf" 231
"C:/UnrealEngine/Engine/Binaries/Win64/../../../Engine/Shaders/TranslucentLightInjectionShaders.usf" 232
"C:/UnrealEngine/Engine/Binaries/Win64/../../../Engine/Shaders/LightFunctionCommon.usf" 233
"C:/UnrealEngine/Engine/Binaries/Win64/../../../Engine/Shaders/TranslucentShadowDepthShaders.usf" 234
"C:/UnrealEngine/Engine/Binaries/Win64/../../../Engine/Shaders/ShadowDepthCommon.usf" 235
"C:/UnrealEngine/Engine/Binaries/Win64/../../../Engine/Shaders/TiledDeferredLightShaders.usf" 236
"C:/UnrealEngine/Engine/Binaries/Win64/../../../Engine/Shaders/ShadowProjectionPixelShader.usf" 237
"C:/UnrealEngine/Engine/Binaries/Win64/../../../Engine/Shaders/ShadowFilteringCommon.usf" 238
"C:/UnrealEngine/Engine/Binaries/Win64/../../../Engine/Shaders/ShadowProjectionVertexShader.usf" 239
"C:/UnrealEngine/Engine/Binaries/Win64/../../../Engine/Shaders/ShadowDepthPixelShader.usf" 240
"C:/UnrealEngine/Engine/Binaries/Win64/../../../Engine/Shaders/LPVWriteVplCommon.usf" 241
"C:/UnrealEngine/Engine/Binaries/Win64/../../../Engine/Shaders/LPVWriteCommon.usf" 242
"C:/UnrealEngine/Engine/Binaries/Win64/../../../Engine/Shaders/ShadowDepthVertexShader.usf" 243
"C:/UnrealEngine/Engine/Binaries/Win64/../../../Engine/Shaders/ShaderComplexityApplyPixelShader.usf" 244
"C:/UnrealEngine/Engine/Binaries/Win64/../../../Engine/Shaders/ShaderComplexityApplyVertexShader.usf" 245
"C:/UnrealEngine/Engine/Binaries/Win64/../../../Engine/Shaders/ShaderComplexityAccumulatePixelShader.usf" 246
"C:/UnrealEngine/Engine/Binaries/Win64/../../../Engine/Shaders/HZBOcclusion.usf" 247
"C:/UnrealEngine/Engine/Binaries/Win64/../../../Engine/Shaders/OcclusionQueryVertexShader.usf" 248
"C:/UnrealEngine/Engine/Binaries/Win64/../../../Engine/Shaders/HitProxyPixelShader.usf" 249
"C:/UnrealEngine/Engine/Binaries/Win64/../../../Engine/Shaders/HitProxyVertexShader.usf" 250
"C:/UnrealEngine/Engine/Binaries/Win64/../../../Engine/Shaders/ReflectionEnvironmentShaders.usf" 251
"C:/UnrealEngine/Engine/Binaries/Win64/../../../Engine/Shaders/ReflectionEnvironmentShared.usf" 252
"C:/UnrealEngine/Engine/Binaries/Win64/../../../Engine/Shaders/SkyLightingShared.usf" 253
"C:/UnrealEngine/Engine/Binaries/Win64/../../../Engine/Shaders/ReflectionEnvironmentComputeShaders.usf" 254
"C:/UnrealEngine/Engine/Binaries/Win64/../../../Engine/Shaders/LightShaftShader.usf" 255
"C:/UnrealEngine/Engine/Binaries/Win64/../../../Engine/Shaders/StationaryLightOverlapShaders.usf" 256
"C:/UnrealEngine/Engine/Binaries/Win64/../../../Engine/Shaders/DeferredLightPixelShaders.usf" 257
"C:/UnrealEngine/Engine/Binaries/Win64/../../../Engine/Shaders/DeferredLightVertexShaders.usf" 258
"C:/UnrealEngine/Engine/Binaries/Win64/../../../Engine/Shaders/LPVVisualise.usf" 259
"C:/UnrealEngine/Engine/Binaries/Win64/../../../Engine/Shaders/LPVGeometryVolumeCommon.usf" 260
"C:/UnrealEngine/Engine/Binaries/Win64/../../../Engine/Shaders/LPVDirectLightInject.usf" 261
"C:/UnrealEngine/Engine/Binaries/Win64/../../../Engine/Shaders/LPVPropagate.usf" 262
"C:/UnrealEngine/Engine/Binaries/Win64/../../../Engine/Shaders/LPVBuildGeometryVolume.usf" 263
"C:/UnrealEngine/Engine/Binaries/Win64/../../../Engine/Shaders/LPVInject_AccumulateVplLists.usf" 264
"C:/UnrealEngine/Engine/Binaries/Win64/../../../Engine/Shaders/LPVInject_GenerateVplLists.usf" 265
"C:/UnrealEngine/Engine/Binaries/Win64/../../../Engine/Shaders/LPVClearLists.usf" 266
"C:/UnrealEngine/Engine/Binaries/Win64/../../../Engine/Shaders/LPVClear.usf" 267
"C:/UnrealEngine/Engine/Binaries/Win64/../../../Engine/Shaders/LightMapDensityShader.usf" 268
"C:/UnrealEngine/Engine/Binaries/Win64/../../../Engine/Shaders/LightFunctionPixelShader.usf" 269
"C:/UnrealEngine/Engine/Binaries/Win64/../../../Engine/Shaders/LightFunctionVertexShader.usf" 270
"C:/UnrealEngine/Engine/Binaries/Win64/../../../Engine/Shaders/HdrCustomResolveShaders.usf" 271
"C:/UnrealEngine/Engine/Binaries/Win64/../../../Engine/Shaders/GPUBenchmark.usf" 272
"C:/UnrealEngine/Engine/Binaries/Win64/../../../Engine/Shaders/GammaCorrection.usf" 273
"C:/UnrealEngine/Engine/Binaries/Win64/../../../Engine/Shaders/BasePassForForwardShadingPixelShader.usf" 274
"C:/UnrealEngine/Engine/Binaries/Win64/../../../Engine/Shaders/BasePassForForwardShadingCommon.usf" 275
"C:/UnrealEngine/Engine/Binaries/Win64/../../../Engine/Shaders/LightmapCommon.usf" 276
"C:/UnrealEngine/Engine/Binaries/Win64/../../../Engine/Shaders/BasePassForForwardShadingVertexShader.usf" 277
"C:/UnrealEngine/Engine/Binaries/Win64/../../../Engine/Shaders/HeightFogCommon.usf" 278
"C:/UnrealEngine/Engine/Binaries/Win64/../../../Engine/Shaders/HeightFogPixelShader.usf" 279
"C:/UnrealEngine/Engine/Binaries/Win64/../../../Engine/Shaders/HeightFogVertexShader.usf" 280
"C:/UnrealEngine/Engine/Binaries/Win64/../../../Engine/Shaders/DistortAccumulatePS.usf" 281
"C:/UnrealEngine/Engine/Binaries/Win64/../../../Engine/Shaders/DistortAccumulateVS.usf" 282
"C:/UnrealEngine/Engine/Binaries/Win64/../../../Engine/Shaders/DistortApplyScreenPS.usf" 283
"C:/UnrealEngine/Engine/Binaries/Win64/../../../Engine/Shaders/SkyLighting.usf" 284
"C:/UnrealEngine/Engine/Binaries/Win64/../../../Engine/Shaders/DistanceFieldSurfaceCacheLighting.usf" 285
"C:/UnrealEngine/Engine/Binaries/Win64/../../../Engine/Shaders/DistanceFieldLightingShared.usf" 286
"C:/UnrealEngine/Engine/Binaries/Win64/../../../Engine/Shaders/DistanceFieldAOShared.usf" 287
"C:/UnrealEngine/Engine/Binaries/Win64/../../../Engine/Shaders/DistanceFieldSurfaceCacheLightingCompute.usf" 288
"C:/UnrealEngine/Engine/Binaries/Win64/../../../Engine/Shaders/DistanceFieldShadowing.usf" 289
"C:/UnrealEngine/Engine/Binaries/Win64/../../../Engine/Shaders/DepthOnlyPixelShader.usf" 290
"C:/UnrealEngine/Engine/Binaries/Win64/../../../Engine/Shaders/DepthOnlyVertexShader.usf" 291
"C:/UnrealEngine/Engine/Binaries/Win64/../../../Engine/Shaders/PositionOnlyDepthVertexShader.usf" 292
"C:/UnrealEngine/Engine/Binaries/Win64/../../../Engine/Shaders/DownsampleDepthPixelShader.usf" 293
"C:/UnrealEngine/Engine/Binaries/Win64/../../../Engine/Shaders/BasePassPixelShader.usf" 294
"C:/UnrealEngine/Engine/Binaries/Win64/../../../Engine/Shaders/BasePassCommon.usf" 295
"C:/UnrealEngine/Engine/Binaries/Win64/../../../Engine/Shaders/BasePassVertexShader.usf" 296
"C:/UnrealEngine/Engine/Binaries/Win64/../../../Engine/Shaders/BasePassVertexCommon.usf" 297
"C:/UnrealEngine/Engine/Binaries/Win64/../../../Engine/Shaders/BasePassTessellationShaders.usf" 298
"C:/UnrealEngine/Engine/Binaries/Win64/../../../Engine/Shaders/AtmospherePrecompute.usf" 299
"C:/UnrealEngine/Engine/Binaries/Win64/../../../Engine/Shaders/AtmospherePrecomputeCommon.usf" 300
"C:/UnrealEngine/Engine/Binaries/Win64/../../../Engine/Shaders/AtmospherePrecomputeInscatter.usf" 301
"C:/UnrealEngine/Engine/Binaries/Win64/../../../Engine/Shaders/AtmosphericFogShader.usf" 302
"C:/UnrealEngine/Engine/Binaries/Win64/../../../Engine/Shaders/ParticleSortKeyGen.usf" 303
"C:/UnrealEngine/Engine/Binaries/Win64/../../../Engine/Shaders/ParticleBoundsShader.usf" 304
"C:/UnrealEngine/Engine/Binaries/Win64/../../../Engine/Shaders/ParticleSimVisualizeShader.usf" 305
"C:/UnrealEngine/Engine/Binaries/Win64/../../../Engine/Shaders/ParticleInjectionShader.usf" 306
"C:/UnrealEngine/Engine/Binaries/Win64/../../../Engine/Shaders/ParticleSimulationShader.usf" 307
"C:/UnrealEngine/Engine/Binaries/Win64/../../../Engine/Shaders/ParticleCurveInjectionShader.usf" 308
"C:/UnrealEngine/Engine/Binaries/Win64/../../../Engine/Shaders/VectorFieldCompositeShaders.usf" 309
"C:/UnrealEngine/Engine/Binaries/Win64/../../../Engine/Shaders/UpdateTextureShaders.usf" 310
"C:/UnrealEngine/Engine/Binaries/Win64/../../../Engine/Shaders/SimpleElementColorChannelMaskPixelShader.usf" 311
"C:/UnrealEngine/Engine/Binaries/Win64/../../../Engine/Shaders/SimpleElementHitProxyPixelShader.usf" 312
"C:/UnrealEngine/Engine/Binaries/Win64/../../../Engine/Shaders/SimpleElementPixelShader.usf" 313
"C:/UnrealEngine/Engine/Binaries/Win64/../../../Engine/Shaders/ColorUtils.usf" 314
"C:/UnrealEngine/Engine/Binaries/Win64/../../../Engine/Shaders/SimpleElementVertexShader.usf" 315
"C:/UnrealEngine/Engine/Binaries/Win64/../../../Engine/Shaders/ScreenVertexShader.usf" 316
"C:/UnrealEngine/Engine/Binaries/Win64/../../../Engine/Shaders/ScreenPixelShader.usf" 317
"C:/UnrealEngine/Engine/Binaries/Win64/../../../Engine/Shaders/RadixSortShaders.usf" 318
"C:/UnrealEngine/Engine/Binaries/Win64/../../../Engine/Shaders/GpuSkinCacheComputeShader.usf" 319
"C:/UnrealEngine/Engine/Binaries/Win64/../../../Engine/Shaders/NullPixelShader.usf" 320
"C:/UnrealEngine/Engine/Binaries/Win64/../../../Engine/Shaders/ClearReplacementShaders.usf" 321
"C:/UnrealEngine/Engine/Binaries/Win64/../../../Engine/Shaders/SimpleElementTexture2DPreviewPixelShader.usf" 322
"C:/UnrealEngine/Engine/Binaries/Win64/../../../Engine/Shaders/SimpleElementNormalMapPixelShader.usf" 323
"C:/UnrealEngine/Engine/Binaries/Win64/../../../Engine/Shaders/meshpaintdilatepixelshader.usf" 324
"C:/UnrealEngine/Engine/Binaries/Win64/../../../Engine/Shaders/meshpaintdilatevertexshader.usf" 325
"C:/UnrealEngine/Engine/Binaries/Win64/../../../Engine/Shaders/MeshPaintPixelShader.usf" 326
"C:/UnrealEngine/Engine/Binaries/Win64/../../../Engine/Shaders/MeshPaintVertexShader.usf" 327
"../../../Engine/Config/Android/AndroidEngine.ini" 328
"../../../Engine/Config/HTML5/HTML5Engine.ini" 329
"../../../Engine/Config/IOS/IOSEngine.ini" 330
"../../../../UnrealProjects/UE4-InventorySystem/DerivedDataCache/Boot.ddc" 331
"../../../Engine/Content/EditorResources/S_Actor.uasset" 332
"../../../Engine/Content/EditorLandscapeResources/DataLayer.uasset" 333
"../../../Engine/Content/Maps/Templates/Thumbnails/Default.uasset" 334
"../../../Engine/Content/EditorMaterials/ParticleSystems/PSysThumbnail_NoImage.uasset" 335
"../../../Engine/Content/EditorMaterials/ParticleSystems/PSysThumbnail_OOD.uasset" 336
"../../../Engine/Content/EngineDamageTypes/DmgTypeBP_Environmental.uasset" 337
"../../../Engine/Content/EngineMeshes/Sphere.uasset" 338
"../../../Engine/Content/EngineFonts/RobotoDistanceField.uasset" 339
"../../../Engine/Content/EngineMaterials/DefaultTextMaterialOpaque.uasset" 340
"../../../Engine/Content/Functions/Engine_MaterialFunctions01/Shading/PowerToRoughness.uasset" 341
"../../../Engine/Content/Functions/Engine_MaterialFunctions01/Shading/ConvertFromDiffSpec.uasset" 342
"../../../Engine/Content/EngineMaterials/WorldGridMaterial.uasset" 343
"../../../Engine/Content/Functions/Engine_MaterialFunctions01/Opacity/CameraDepthFade.uasset" 344
"../../../Engine/Content/EngineMaterials/T_Default_Material_Grid_M.uasset" 345
"../../../Engine/Content/EngineMaterials/T_Default_Material_Grid_N.uasset" 346
"../../../Engine/Content/EngineMaterials/DefaultDeferredDecalMaterial.uasset" 347
"../../../Engine/Content/EngineMaterials/DefaultDiffuse.uasset" 348
"../../../Engine/Content/EngineMaterials/DefaultLightFunctionMaterial.uasset" 349
"../../../Engine/Content/EngineMaterials/DefaultPostProcessMaterial.uasset" 350
"../../../Engine/Content/Functions/Engine_MaterialFunctions02/Utility/BreakOutFloat2Components.uasset" 351
"../../../Engine/Content/EditorResources/S_Trigger.uasset" 352
"../../../Engine/Content/EngineResources/WhiteSquareTexture.uasset" 353
"../../../Engine/Content/EngineResources/GradientTexture0.uasset" 354
"../../../Engine/Content/EngineResources/Black.uasset" 355
"../../../Engine/Content/EditorMaterials/MatineeGroups/MAT_Groups_Float.uasset" 356
"../../../Engine/Content/EditorMaterials/MatineeGroups/MAT_Groups_Director.uasset" 357
"../../../Engine/Content/EditorMaterials/MatineeGroups/MAT_Groups_Event.uasset" 358
"../../../Engine/Content/EditorMaterials/MatineeGroups/MAT_Groups_Anim.uasset" 359
"../../../Engine/Content/EditorMaterials/MatineeGroups/MAT_Groups_Fade.uasset" 360
"../../../Engine/Content/EditorMaterials/MatineeGroups/MAT_Groups_Move.uasset" 361
"../../../Engine/Content/EditorMaterials/MatineeGroups/MAT_Groups_Slomo.uasset" 362
"../../../Engine/Content/EditorMaterials/MatineeGroups/MAT_ColorTrack.uasset" 363
"../../../Engine/Content/EditorMaterials/MAT_Groups_Toggle.uasset" 364
"../../../Engine/Content/EditorMaterials/MatineeGroups/MAT_Groups_AudioMaster.uasset" 365
"../../../Engine/Content/EditorMaterials/MatineeGroups/MAT_Groups_Sound.uasset" 366
"../../../Engine/Content/EditorMaterials/MatineeGroups/MAT_Groups_Vector.uasset" 367
"../../../Engine/Content/EditorMaterials/MAT_Groups_Visibility.uasset" 368
"../../../Engine/Content/EngineResources/DefaultTexture.uasset" 369
"../../../Engine/Content/EngineResources/DefaultTextureCube.uasset" 370
"../../../Engine/Content/EngineSounds/Master.uasset" 371
"../../../Engine/Content/EngineSounds/Music.uasset" 372
"../../../Engine/Content/EngineSounds/SFX.uasset" 373
"../../../Engine/Content/EngineSounds/Normal_Attack.uasset" 374
"../../../Engine/Content/EngineSounds/Special_Attack_PSM.uasset" 375
"../../../Engine/Content/EngineSounds/Duck_Normal_Attack_MixMod.uasset" 376
"../../../Engine/Content/EngineSounds/Voice.uasset" 377
"../../../Engine/Content/EngineMeshes/Cylinder.uasset" 378
"../../../Engine/Content/EngineMaterials/DefaultMaterial.uasset" 379
"../../../Engine/Content/EngineTireTypes/DefaultTireType.uasset" 380
"../../../Engine/Content/Editor/Slate/Fonts/DroidSansMono.ttf" 381
"../../../Engine/Content/Editor/Slate/Fonts/Roboto-BoldCondensed.ttf" 382
"../../../Engine/Content/Editor/Slate/Fonts/Roboto-Black.ttf" 383
"../../../Engine/Content/Editor/Slate/Fonts/Roboto-BoldCondensedItalic.ttf" 384
"../../../Engine/Content/Editor/Slate/Fonts/Roboto-Italic.ttf" 385
"../../../Engine/Content/EngineFonts/Roboto.uasset" 386
"../../../Engine/Content/EngineMaterials/Widget3DPassThrough_Translucent.uasset" 387
"../../../Engine/Content/EngineMaterials/Widget3DPassThrough.uasset" 388
"../../../Engine/Content/EngineMaterials/Widget3DPassThrough_Translucent_OneSided.uasset" 389
"../../../Engine/Content/EngineMaterials/Widget3DPassThrough_Opaque.uasset" 390
"../../../Engine/Content/EngineMaterials/Widget3DPassThrough_Opaque_OneSided.uasset" 391
"../../../Engine/Plugins/2D/Paper2D/Content/MaskedUnlitSpriteMaterial.uasset" 392
"../../../Engine/Plugins/2D/Paper2D/Content/DefaultSpriteMaterial.uasset" 393
"../../../Engine/Plugins/2D/Paper2D/Content/DummySpriteTexture.uasset" 394
"../../../Engine/Plugins/2D/Paper2D/Content/OpaqueUnlitSpriteMaterial.uasset" 395
"../../../Engine/Plugins/2D/Paper2D/Content/DefaultPaperTerrainMaterial.uasset" 396
"../../../Engine/Plugins/2D/Paper2D/Content/DummySprite.uasset" 397
"../../../../UnrealProjects/UE4-InventorySystem/Content/Blueprints/MyCharacter.uasset" 398
"../../../../UnrealProjects/UE4-InventorySystem/Content/Character/HeroTPP_AnimBlueprint.uasset" 399
"../../../../UnrealProjects/UE4-InventorySystem/Content/Animations/Jump_End.uasset" 400
"../../../../UnrealProjects/UE4-InventorySystem/Content/Character/HeroTPP_Skeleton.uasset" 401
"../../../../UnrealProjects/UE4-InventorySystem/Content/Animations/Jump_Loop.uasset" 402
"../../../../UnrealProjects/UE4-InventorySystem/Content/Animations/Jump_Start.uasset" 403
"../../../../UnrealProjects/UE4-InventorySystem/Content/Character/IdleRun_TPP.uasset" 404
"../../../../UnrealProjects/UE4-InventorySystem/Content/Animations/Idle.uasset" 405
"../../../../UnrealProjects/UE4-InventorySystem/Content/Animations/Run.uasset" 406
"../../../../UnrealProjects/UE4-InventorySystem/Content/Animations/Walk.uasset" 407
"../../../Engine/Content/EditorBlueprintResources/StandardMacros.uasset" 408
"../../../../UnrealProjects/UE4-InventorySystem/Content/Character/HeroTPP.uasset" 409
"../../../Engine/Content/TemplateResources/MI_Template_BaseBlue.uasset" 410
"../../../Engine/Content/TemplateResources/M_Template_Master.uasset" 411
"../../../../UnrealProjects/UE4-InventorySystem/Content/Blueprints/UI/BP_HUD.uasset" 412
"../../../../UnrealProjects/UE4-InventorySystem/Content/Blueprints/UI/Widgets/BP_InventoryWidget.uasset" 413
"../../../../UnrealProjects/UE4-InventorySystem/Content/Blueprints/UI/Widgets/BP_InventorySlotWidget.uasset" 414
"../../../Engine/Saved/Config/Windows/SourceControlSettings.ini" 415
"../../../../UnrealProjects/UE4-InventorySystem/Saved/Config/CleanSourceConfigs/SourceControlSettings.ini" 416
"C:/UnrealProjects/UE4-InventorySystem/Saved/Config/Windows/SourceControlSettings.ini" 417
"../../../Engine/Content/EngineMaterials/RemoveSurfaceMaterial.uasset" 418
"../../../Engine/Content/EngineDebugMaterials/DebugMeshMaterial.uasset" 419
"../../../Engine/Content/EngineMaterials/M_InvalidLightmapSettings.uasset" 420
"../../../Engine/Content/EngineMaterials/InvalidLightmapSettings.uasset" 421
"../../../Engine/Content/EditorMaterials/GizmoMaterial.uasset" 422
"../../../Engine/Content/EngineMaterials/Good64x64TilingNoiseHighFreq.uasset" 423
"../../../Engine/Content/EngineMaterials/DefaultBokeh.uasset" 424
"../../../Engine/Content/EngineMaterials/PreintegratedSkinBRDF.uasset" 425
"../../../Engine/Content/EngineMaterials/MiniFont.uasset" 426
"../../../Engine/Content/EngineMaterials/WeightMapPlaceholderTexture.uasset" 427
"../../../Engine/Content/EngineMaterials/DefaultWhiteGrid.uasset" 428
"../../../Engine/Content/EngineMaterials/DefaultPhysicalMaterial.uasset" 429
"../../../Engine/Content/EngineFonts/RobotoTiny.uasset" 430
"../../../Engine/Saved/AutoLoadProject.txt" 431
"../../../../UnrealProjects/UE4-InventorySystem/Intermediate/CachedAssetRegistry.bin" 432
"../../../Engine/DerivedDataCache/2/5/6/GSM_AF1606FCEC114373844D2B6CF9DF71C8_PCD3D_SM4_2__BC5N_DEV_SL_NODBUF_VISUALIZE__134F4124E5D6AC6119FB66C088EC6380AE7E0509.udd" 433
"../../../Engine/Content/MobileResources/HUD/VirtualJoystick_Thumb.uasset" 434
"../../../Engine/DerivedDataCache/0/7/3/TEXTURE_75F87CE100B546AAB8A1C4132AF9DB17_BGRA8_2303080240B4FBC995EC43ABAA9A8C6__96BDAD0D9717FCDB9BF231F1FEB6D3BE6CB76534.udd" 435
"../../../Engine/Content/MobileResources/HUD/VirtualJoystick_Background.uasset" 436
"../../../Engine/DerivedDataCache/3/0/8/TEXTURE_75F87CE100B546AAB8A1C4132AF9DB17_BGRA8_BD2910D742B4B4778E3374B97767851__1D0FE82F762562A0405FC09820B5A3400A58EC34.udd" 437
"../../../Engine/Content/MobileResources/HUD/T_Castle_ThumbstickOutter.uasset" 438
"../../../Engine/DerivedDataCache/7/1/6/TEXTURE_75F87CE100B546AAB8A1C4132AF9DB17_BGRA8_9F5B2DF1453DB1272733529F5E95869__C49B4973D849CC7C1679E8BCE53AD4E771A6DAD0.udd" 439
"../../../Engine/Content/MobileResources/HUD/T_Castle_ThumbstickInner.uasset" 440
"../../../Engine/DerivedDataCache/8/4/7/TEXTURE_75F87CE100B546AAB8A1C4132AF9DB17_BGRA8_A4535AA24BB699361857049E2A844B2__BF8BDC01D36B0A353530F070363E0733A521A9DE.udd" 441
"../../../Engine/Content/MobileResources/HUD/MobileHUDDirectionStick.uasset" 442
"../../../Engine/DerivedDataCache/2/1/4/TEXTURE_75F87CE100B546AAB8A1C4132AF9DB17_AUTODXT_8EDAF7A54E378800FEB2178634331__1C2AFBE8B46D8D3B3F4C0192411CABB7E93642F5.udd" 443
"../../../Engine/Content/MobileResources/HUD/MobileHUDDirectionPad3.uasset" 444
"../../../Engine/DerivedDataCache/4/3/2/TEXTURE_75F87CE100B546AAB8A1C4132AF9DB17_AUTODXT_C9D41DBE4C754F8B430E7DBADCD48__8CDB2C7D4274788CF0BDE12DE9677E857C7E33AA.udd" 445
"../../../Engine/Content/MobileResources/HUD/MobileHUDDirectionPad2.uasset" 446
"../../../Engine/DerivedDataCache/3/5/9/TEXTURE_75F87CE100B546AAB8A1C4132AF9DB17_AUTODXT_C9D41DBE4C754F8B430E7DBADCD48__35E770B90918D04588876222B427BB33D7030245.udd" 447
"../../../Engine/DerivedDataCache/3/9/6/TEXTURE_75F87CE100B546AAB8A1C4132AF9DB17_AUTODXT_C9D41DBE4C754F8B430E7DBADCD48__F5342F07C6E4303E2DD5A81DE3ACCD6E33DD5571.udd" 448
"../../../Engine/DerivedDataCache/9/0/4/TEXTURE_75F87CE100B546AAB8A1C4132AF9DB17_AUTODXT_F562DDF94D8D885AE92078A9DD770__CB13576B1C71444A2AC70F322150B2012CD746DB.udd" 449
"../../../Engine/Content/MobileResources/HUD/MobileHUDDirectionPad.uasset" 450
"../../../Engine/DerivedDataCache/4/4/3/TEXTURE_75F87CE100B546AAB8A1C4132AF9DB17_AUTODXT_F562DDF94D8D885AE92078A9DD770__14306DE7AB5E49ACD9FF6B2CBE48AD33B25D6359.udd" 451
"../../../Engine/DerivedDataCache/9/7/3/TEXTURE_75F87CE100B546AAB8A1C4132AF9DB17_AUTODXT_F562DDF94D8D885AE92078A9DD770__61BDE354CD95B37BDEEA43DE91FB97D707B64EDB.udd" 452
"../../../Engine/Content/MobileResources/HUD/MobileHUDButtonFire.uasset" 453
"../../../Engine/DerivedDataCache/0/9/5/TEXTURE_75F87CE100B546AAB8A1C4132AF9DB17_AUTODXT_3F3B1DD44FE006226A690596DBDDE__9F3AD830AEC6440C8B3193B054E67314EFD28820.udd" 454
"../../../Engine/DerivedDataCache/9/0/3/TEXTURE_75F87CE100B546AAB8A1C4132AF9DB17_AUTODXT_3F3B1DD44FE006226A690596DBDDE__B50706C6398BC694AEECFC22C288EB6154DA1CF2.udd" 455
"../../../Engine/Content/MobileResources/HUD/MobileHUDButton3.uasset" 456
"../../../Engine/DerivedDataCache/2/6/9/TEXTURE_75F87CE100B546AAB8A1C4132AF9DB17_AUTODXT_C200B7694C3FE53EBCE97592F5F41__00E14382D4A040AE743B5156A76325596C9C90DC.udd" 457
"../../../Engine/DerivedDataCache/1/9/0/TEXTURE_75F87CE100B546AAB8A1C4132AF9DB17_AUTODXT_C49FDA8C4EFE04B87EBA5CB5A57D2__2F4FBB3C027F532CCC9B2D3C0B48F88564A6961C.udd" 458
"../../../Engine/Content/MobileResources/HUD/MobileHUDButton2_on.uasset" 459
"../../../Engine/DerivedDataCache/9/9/3/TEXTURE_75F87CE100B546AAB8A1C4132AF9DB17_AUTODXT_80A9E59646847B4846ED6DAF42DFE__402F92C8B8DED366C0B6D4E193D64599ED15DF14.udd" 460
"../../../Engine/DerivedDataCache/9/6/3/TEXTURE_75F87CE100B546AAB8A1C4132AF9DB17_AUTODXT_80A9E59646847B4846ED6DAF42DFE__6D81EB4AAC7DA2128CC82C73F523583584AF4D29.udd" 461
"../../../Engine/Content/MobileResources/HUD/MobileHUDButton2_off.uasset" 462
"../../../Engine/DerivedDataCache/6/6/4/TEXTURE_75F87CE100B546AAB8A1C4132AF9DB17_AUTODXT_D5542AFE4886708885DF42B1BE8F6__A3286FEC76B58EA694B36B251EBC1B55BC891EDE.udd" 463
"../../../Engine/Content/MobileResources/HUD/MobileHUDButton1_on.uasset" 464
"../../../Engine/DerivedDataCache/2/7/3/TEXTURE_75F87CE100B546AAB8A1C4132AF9DB17_AUTODXT_D5542AFE4886708885DF42B1BE8F6__7D354ED738CB77C435550DFF76DAD631B333B89F.udd" 465
"../../../Engine/DerivedDataCache/2/6/7/TEXTURE_75F87CE100B546AAB8A1C4132AF9DB17_AUTODXT_7BBBF743419EE004ACC16E9959BCC__BAC988F4B45C21A788C3642FBB3E67C34B0D52C1.udd" 466
"../../../Engine/Content/MobileResources/HUD/MobileHUDButton1_off.uasset" 467
"../../../Engine/DerivedDataCache/0/3/0/TEXTURE_75F87CE100B546AAB8A1C4132AF9DB17_AUTODXT_5FF2868842E6DED8A4C0CB8217190__9E4925FA8A70B6C7276537C1178678FA0FFA689F.udd" 468
"../../../Engine/Content/MobileResources/HUD/LeftVirtualJoystickOnly.uasset" 469
"../../../Engine/Content/MobileResources/HUD/DefaultVirtualJoysticks.uasset" 470
"../../../Engine/Content/MobileResources/HUD/AnalogHat.uasset" 471
"../../../Engine/DerivedDataCache/3/8/9/TEXTURE_75F87CE100B546AAB8A1C4132AF9DB17_AUTODXT_2E1EE3B14D43A62B84881B8F5AAD2__7C24F214DE11E44A2A296DB34BE001E0B332A2E4.udd" 472
"../../../Engine/Content/MobileResources/T_MobileMenu2.uasset" 473
"../../../Engine/DerivedDataCache/1/8/2/TEXTURE_75F87CE100B546AAB8A1C4132AF9DB17_AUTODXT_9F8FBEF84A1997E30FD384955E3D8__34172882E1B5049D9427774AD14190A3EA6C7A2D.udd" 474
"../../../Engine/Content/MobileResources/T_MobileControls_texture.uasset" 475
"../../../Engine/DerivedDataCache/2/4/6/TEXTURE_75F87CE100B546AAB8A1C4132AF9DB17_AUTODXT_9F8FBEF84A1997E30FD384955E3D8__3E63A8FE0800E9E764B2D7F69D2EB6F0D621AE2E.udd" 476
"../../../Engine/DerivedDataCache/8/8/5/TEXTURE_75F87CE100B546AAB8A1C4132AF9DB17_AUTODXT_9F8FBEF84A1997E30FD384955E3D8__245208D0A0B00BDC67CE7AB5A065205B2D3B6D77.udd" 477
"../../../Engine/Content/Maps/Entry.umap" 478
"../../../Engine/DerivedDataCache/6/4/6/TEXTURE_75F87CE100B546AAB8A1C4132AF9DB17_AUTODXT_9F8FBEF84A1997E30FD384955E3D8__9911A93DE8F56AE56741BFA50567D011DDD559AF.udd" 479
"../../../Engine/DerivedDataCache/0/6/5/TEXTURE_75F87CE100B546AAB8A1C4132AF9DB17_AUTODXT_119D9D384F916FB5612DEB85B0124__CB3C93D6A995508198A0694ACBF683ED0EEB966A.udd" 480
"../../../Engine/DerivedDataCache/8/1/3/TEXTURE_75F87CE100B546AAB8A1C4132AF9DB17_AUTODXT_119D9D384F916FB5612DEB85B0124__239A89CD24F9F30EDB47CCEA3F883D6FDC695D6B.udd" 481
"../../../Engine/Content/EngineMaterials/DefaultNormal.uasset" 482
"../../../Engine/DerivedDataCache/9/1/0/TEXTURE_75F87CE100B546AAB8A1C4132AF9DB17_AUTODXT_119D9D384F916FB5612DEB85B0124__05BDFEAE41DC970CF7A45116AF670C381A940378.udd" 483
"../../../Engine/DerivedDataCache/7/1/2/TEXTURE_75F87CE100B546AAB8A1C4132AF9DB17_AUTODXT_119D9D384F916FB5612DEB85B0124__4BAF888EDDA82599B220AC1B903E9005D4944EFD.udd" 484
"../../../Engine/DerivedDataCache/6/2/5/TEXTURE_75F87CE100B546AAB8A1C4132AF9DB17_BC5_122003924E39A572EF68B5BAC8A94B51___8A7A5E5463F0DF44EAB313A338F23BE1CC2AD5F9.udd" 485
"../../../Engine/DerivedDataCache/7/5/5/TEXTURE_75F87CE100B546AAB8A1C4132AF9DB17_BC5_122003924E39A572EF68B5BAC8A94B51___E6C4C74FC6D3CB102372C257853FCEC6B2B10D0F.udd" 486
"../../../Engine/DerivedDataCache/2/6/8/TEXTURE_75F87CE100B546AAB8A1C4132AF9DB17_BC5_122003924E39A572EF68B5BAC8A94B51___50958A889301EA3902E7B760064FD50CB44A700F.udd" 487
"../../../Engine/DerivedDataCache/7/8/5/TEXTURE_75F87CE100B546AAB8A1C4132AF9DB17_BC5_122003924E39A572EF68B5BAC8A94B51___FD06E7CE0FB617E787A5C87FEE3E73D0A2F38CE8.udd" 488
"../../../Engine/DerivedDataCache/4/8/1/TEXTURE_75F87CE100B546AAB8A1C4132AF9DB17_BC5_122003924E39A572EF68B5BAC8A94B51___F8E62C125043D962CC536417B6CC507F7A28C81C.udd" 489
"../../../Engine/DerivedDataCache/4/2/3/PHYSX_$7B1F0627AE$2DABEB$2D4206$2D8D78$2DE16BEB5DDC7E$7D_PHYSXPC_0AAFF40B4FAB7203B4020BAE163CCAEB__1_0_13073_0.udd" 490
"../../../Engine/DerivedDataCache/0/9/4/PHYSX_$7B1F0627AE$2DABEB$2D4206$2D8D78$2DE16BEB5DDC7E$7D_PHYSXPC_4A50E68449DA60D60F453A96AE02A9EF__1_0_13073_0.udd" 491
"../../../Engine/DerivedDataCache/9/1/2/PHYSX_$7B1F0627AE$2DABEB$2D4206$2D8D78$2DE16BEB5DDC7E$7D_PHYSXPC_F6B1D2D0417118DA60DDC7A62F5BCB81__1_0_13073_0.udd" 492
"../../../Engine/DerivedDataCache/5/1/3/PHYSX_$7B1F0627AE$2DABEB$2D4206$2D8D78$2DE16BEB5DDC7E$7D_PHYSXPC_8FA5EBB1423C9BE31CF6A9B803421839__1_0_13073_0.udd" 493
"../../../../UnrealProjects/UE4-InventorySystem/Content/Maps/Example_Map.umap" 494
"../../../../UnrealProjects/UE4-InventorySystem/Content/Blueprints/Items/BP_ITem.uasset" 495
"../../../../UnrealProjects/UE4-InventorySystem/Content/StarterContent/Shapes/Shape_Cone.uasset" 496
"../../../../UnrealProjects/UE4-InventorySystem/Content/StarterContent/Materials/M_Basic_Wall.uasset" 497
"../../../../UnrealProjects/UE4-InventorySystem/Content/StarterContent/Textures/T_Fire_Tiled_D.uasset" 498
"../../../Engine/Content/EngineMaterials/AntiAliasedTextMaterialTranslucent.uasset" 499
"../../../Engine/Content/Functions/Engine_MaterialFunctions03/Procedurals/ComputeFilterWidth.uasset" 500
"../../../Engine/Content/TemplateResources/MI_Template_BaseGray.uasset" 501
"../../../Engine/Content/TemplateResources/MI_Template_BaseGray_03_Metal.uasset" 502
"../../../Engine/Content/MapTemplates/Bokeh_5Sides.uasset" 503
"../../../Engine/Content/MapTemplates/T_ScreenDirt02_w.uasset" 504
"../../../Engine/DerivedDataCache/1/7/3/TEXTURE_75F87CE100B546AAB8A1C4132AF9DB17_AUTODXT_A992B0384CA65AEA832BDEBAF0F9E__402E67F3C7D5B83D632AFDDF0730D64817949EE6.udd" 505
"../../../Engine/DerivedDataCache/2/5/6/TEXTURE_75F87CE100B546AAB8A1C4132AF9DB17_AUTODXT_A992B0384CA65AEA832BDEBAF0F9E__33CC2361049BF7EF5E3669522290A0E9DE8D44D8.udd" 506
"../../../Engine/DerivedDataCache/4/2/4/TEXTURE_75F87CE100B546AAB8A1C4132AF9DB17_AUTODXT_A992B0384CA65AEA832BDEBAF0F9E__3B59B0737ACE193D6A35ECD8EE7AB51120A92600.udd" 507
"../../../Engine/DerivedDataCache/8/9/4/TEXTURE_75F87CE100B546AAB8A1C4132AF9DB17_AUTODXT_A992B0384CA65AEA832BDEBAF0F9E__73B8E84B5D3721634D792614C959AEEE30CAA068.udd" 508
"../../../Engine/DerivedDataCache/3/6/0/STATICMESH_46A8778361B442A9523C54440EA1E9D_0DB5412B27AB480F844CC7F0BE5ABAFF_79__32810364C8C5A1488171DCBB4E71F81171EDE557.udd" 509
"../../../Engine/DerivedDataCache/8/9/1/TEXTURE_75F87CE100B546AAB8A1C4132AF9DB17_BGRA8_B7AD00F8477B5B2C5777A6844C0A996__DF7A39F3AF96B3F48A21E1A48E4700E8E605BFBD.udd" 510
"../../../Engine/DerivedDataCache/8/9/1/TEXTURE_75F87CE100B546AAB8A1C4132AF9DB17_BGRA8_B7AD00F8477B5B2C5777A6844C0A996__3F6D1893AA164E46A827BC873B1B101AFC2B7BDD.udd" 511
"../../../Engine/DerivedDataCache/5/9/1/PHYSX_$7B1F0627AE$2DABEB$2D4206$2D8D78$2DE16BEB5DDC7E$7D_PHYSXPC_F9A507C6433EF__1FE46BD308987C310CB416A52507156777BBA0FF.udd" 512
"../../../Engine/DerivedDataCache/0/3/5/MATSM_E2C1E89EE9AE4F3CA7B8E0F2C49B34EB_PCD3D_SM5_2__BC5N_DEV_SL_NODBUF9166AFA3__EEAFB6D0E9C6F314CD264FCEFE21D1227111F474.udd" 513
"../../../Engine/DerivedDataCache/4/1/1/MATSM_E2C1E89EE9AE4F3CA7B8E0F2C49B34EB_PCD3D_SM4_2__BC5N_DEV_SL_NODBUF9166AFA3__159B725D1AFDD3570EAC11CC5B4FF5CF1BDC512C.udd" 514
"../../../Engine/DerivedDataCache/8/2/3/TEXTURE_75F87CE100B546AAB8A1C4132AF9DB17_BGRA8_B7AD00F8477B5B2C5777A6844C0A996__B14743F0260A7199BBBEECF0CBB258FB21F2EAF8.udd" 515
"../../../Engine/DerivedDataCache/9/6/4/MATSM_E2C1E89EE9AE4F3CA7B8E0F2C49B34EB_PCD3D_SM5_2__BC5N_DEV_SL_NODBUF0D658784__8783CB3F751A0DB173D15AAA83E14FC24E78B2FE.udd" 516
"../../../Engine/DerivedDataCache/3/5/6/TEXTURE_75F87CE100B546AAB8A1C4132AF9DB17_BGRA8_B7AD00F8477B5B2C5777A6844C0A996__216DB60EBA4F093C6B989A2CA8D0AD841B4A335C.udd" 517
"../../../Engine/DerivedDataCache/0/4/2/MATSM_E2C1E89EE9AE4F3CA7B8E0F2C49B34EB_PCD3D_SM4_2__BC5N_DEV_SL_NODBUF0D658784__DC45D48613864F2B32C0178377E3803F9311A28D.udd" 518
"../../../Engine/DerivedDataCache/2/4/4/TEXTURE_75F87CE100B546AAB8A1C4132AF9DB17_BGRA8_B7AD00F8477B5B2C5777A6844C0A996__2EA0A89C71896804FAEF8D527C9B234476B018D4.udd" 519
"../../../Engine/DerivedDataCache/1/3/6/TEXTURE_75F87CE100B546AAB8A1C4132AF9DB17_AUTODXT_201530E545917B09F0A97BB994679__8D688CDDF3A0EB517AEF76FCC71886A0AB3D250A.udd" 520
"../../../Engine/DerivedDataCache/0/5/2/PHYSX_$7B1F0627AE$2DABEB$2D4206$2D8D78$2DE16BEB5DDC7E$7D_PHYSXPC_B7255EED411C0CB88D75E99A23FE2E0A__1_0_13073_0.udd" 521
"../../../Engine/DerivedDataCache/3/8/7/TEXTURE_75F87CE100B546AAB8A1C4132AF9DB17_AUTODXT_2E27F1D8495F16BBBF6FBC84AC20F__93C267DAEEFB0ADE1EE6EBA6FC606B608962EA66.udd" 522
"../../../Engine/DerivedDataCache/5/0/5/TEXTURE_75F87CE100B546AAB8A1C4132AF9DB17_AUTODXT_2E27F1D8495F16BBBF6FBC84AC20F__88CD1CC9AB98A954ADE4663F4507DDE80DC02997.udd" 523
"../../../Engine/DerivedDataCache/1/5/0/PHYSX_$7B1F0627AE$2DABEB$2D4206$2D8D78$2DE16BEB5DDC7E$7D_PHYSXPC_19F134FD404F986FF2F084BE47161B3D__1_0_13073_0.udd" 524
"../../../Engine/DerivedDataCache/3/4/6/PHYSX_$7B1F0627AE$2DABEB$2D4206$2D8D78$2DE16BEB5DDC7E$7D_PHYSXPC_5CA333F44D5E67E04505468C0AB95462__1_0_13073_0.udd" 525
"../../../Engine/DerivedDataCache/4/2/2/TEXTURE_75F87CE100B546AAB8A1C4132AF9DB17_AUTODXT_2E27F1D8495F16BBBF6FBC84AC20F__AB941BA0D037CD8A5EEFF0185B93F60BB496FF44.udd" 526
"../../../Engine/DerivedDataCache/6/3/7/PHYSX_$7B1F0627AE$2DABEB$2D4206$2D8D78$2DE16BEB5DDC7E$7D_PHYSXPC_8C4851F646862D50FE28C697F8D4510D__1_0_13073_0.udd" 527
"../../../Engine/DerivedDataCache/7/4/5/PHYSX_$7B1F0627AE$2DABEB$2D4206$2D8D78$2DE16BEB5DDC7E$7D_PHYSXPC_359AF5784AD8C6EAFAD1BC95E4CC5121__1_0_13073_0.udd" 528
"../../../Engine/DerivedDataCache/1/0/9/TEXTURE_75F87CE100B546AAB8A1C4132AF9DB17_AUTODXT_2E27F1D8495F16BBBF6FBC84AC20F__178A118BCD9A9359D78C600FD1B0EC257AB39AEC.udd" 529
"../../../Engine/DerivedDataCache/7/1/5/PHYSX_$7B1F0627AE$2DABEB$2D4206$2D8D78$2DE16BEB5DDC7E$7D_PHYSXPC_33574BE54CD88FFAC5279B8F686EC68B__1_0_13073_0.udd" 530
"../../../Engine/DerivedDataCache/4/7/7/TEXTURE_75F87CE100B546AAB8A1C4132AF9DB17_AUTODXT_2E27F1D8495F16BBBF6FBC84AC20F__2AB01FE7AAE3C84C1F2E2AC1C4C0E3F43CD547B7.udd" 531
"../../../Engine/DerivedDataCache/0/7/5/PHYSX_$7B1F0627AE$2DABEB$2D4206$2D8D78$2DE16BEB5DDC7E$7D_PHYSXPC_4D201E924FFD85037EDDAB890AE81E0C__1_0_13073_0.udd" 532
"../../../Engine/DerivedDataCache/5/2/0/TEXTURE_75F87CE100B546AAB8A1C4132AF9DB17_DXT1_0C665C164B0C6C104CF28589BE3280F7__9E6DB5BC01ABACD5C484BD079ED48DC43023092B.udd" 533
"../../../Engine/DerivedDataCache/2/3/9/PHYSX_$7B1F0627AE$2DABEB$2D4206$2D8D78$2DE16BEB5DDC7E$7D_PHYSXPC_B7985F714F1E3662D37A08A0E0C52EEF__1_0_13073_0.udd" 534
"../../../Engine/DerivedDataCache/6/8/6/TEXTURE_75F87CE100B546AAB8A1C4132AF9DB17_DXT1_0C665C164B0C6C104CF28589BE3280F7__A339EEBC1F31835C26EA2988F971688D837D5952.udd" 535
"../../../Engine/DerivedDataCache/1/1/9/TEXTURE_75F87CE100B546AAB8A1C4132AF9DB17_DXT1_0C665C164B0C6C104CF28589BE3280F7__B4AD7F0E2318008C22980768A7754752B65F2118.udd" 536
"../../../Engine/DerivedDataCache/2/0/5/TEXTURE_75F87CE100B546AAB8A1C4132AF9DB17_DXT1_0C665C164B0C6C104CF28589BE3280F7__053F5173B6109DD30D327F2140CA59DED4E50936.udd" 537
"../../../Engine/DerivedDataCache/8/2/6/TEXTURE_75F87CE100B546AAB8A1C4132AF9DB17_DXT1_0C665C164B0C6C104CF28589BE3280F7__F9AC995E4E6BE614CE8AC48417C67F406549FDA7.udd" 538
"../../../Engine/DerivedDataCache/2/0/2/TEXTURE_75F87CE100B546AAB8A1C4132AF9DB17_BGRA8_80C0135944D72A610182CAB23FBFBA7__E700A87005540C9B8FAFD7B8E8C020AABA666972.udd" 539
"../../../Engine/DerivedDataCache/0/5/9/TEXTURE_75F87CE100B546AAB8A1C4132AF9DB17_BGRA8_80C0135944D72A610182CAB23FBFBA7__7BEB66D13BCAD0333E3E4273D8741A5C88E03564.udd" 540
"../../../Engine/DerivedDataCache/1/7/7/TEXTURE_75F87CE100B546AAB8A1C4132AF9DB17_BGRA8_80C0135944D72A610182CAB23FBFBA7__7A4BCF13A78B25B375B1025106CA51F26542EDB9.udd" 541
"../../../Engine/DerivedDataCache/0/5/2/TEXTURE_75F87CE100B546AAB8A1C4132AF9DB17_BGRA8_80C0135944D72A610182CAB23FBFBA7__70689B1F42C1AA9D409BDF07D7B5A8A60542CDB9.udd" 542
"../../../Engine/DerivedDataCache/8/9/7/TEXTURE_75F87CE100B546AAB8A1C4132AF9DB17_BGRA8_80C0135944D72A610182CAB23FBFBA7__D21AA45D55BCEF9992F145B972555C4EECCCD7DE.udd" 543
"../../../../UnrealProjects/UE4-InventorySystem/Saved/Autosaves/Game/Maps/UEDPCExample_Map.umap" 544
